app/mapping.txt
com.leshu.gamebox.DataBinderMapperImpl -> com.leshu.gamebox.a:
    android.util.SparseIntArray INTERNAL_LAYOUT_ID_LOOKUP -> a
    void <init>() -> <init>
    androidx.databinding.ViewDataBinding getDataBinder(androidx.databinding.DataBindingComponent,android.view.View,int) -> a
    androidx.databinding.ViewDataBinding getDataBinder(androidx.databinding.DataBindingComponent,android.view.View[],int) -> a
    java.util.List collectDependencies() -> a
    void <clinit>() -> <clinit>
com.leshu.gamebox.MainActivity -> com.leshu.gamebox.MainActivity:
    com.leshu.gamebox.MainActivity$Companion Companion -> j
    java.util.HashMap _$_findViewCache -> k
    void showLoading(java.lang.String,boolean) -> a
    void dismissLoading() -> n
    com.leshu.gamebox.contract.MainContract$IMainView createView() -> o
    com.leshu.gamebox.base.componet.IBaseView createView() -> p
    com.leshu.gamebox.presenter.MainPresenter createPresenter() -> q
    com.leshu.gamebox.base.componet.BasePresenter createPresenter() -> r
    int getResLayoutId() -> s
    void onCreate(android.os.Bundle) -> onCreate
    void <init>() -> <init>
    void <clinit>() -> <clinit>
    com.leshu.gamebox.presenter.MainPresenter access$getMPresenter$p(com.leshu.gamebox.MainActivity) -> a
    android.view.View _$_findCachedViewById(int) -> c
com.leshu.gamebox.MainActivity$Companion -> com.leshu.gamebox.MainActivity$a:
    void actionStartActivity(android.content.Context) -> a
    void <init>() -> <init>
    void <init>(kotlin.jvm.internal.DefaultConstructorMarker) -> <init>
com.leshu.gamebox.MainActivity$onCreate$$inlined$let$lambda$1 -> com.leshu.gamebox.MainActivity$b:
    com.leshu.gamebox.MainActivity this$0 -> a
    void <init>(com.leshu.gamebox.MainActivity) -> <init>
    void accept(java.lang.Object) -> a
com.leshu.gamebox.MainActivity$onCreate$$inlined$let$lambda$2 -> com.leshu.gamebox.MainActivity$c:
    com.leshu.gamebox.MainActivity this$0 -> a
    void <init>(com.leshu.gamebox.MainActivity) -> <init>
    void accept(java.lang.Object) -> a
com.leshu.gamebox.R -> com.leshu.gamebox.b:
com.leshu.gamebox.R$id -> com.leshu.gamebox.b$a:
    int ALT -> ALT
    int BaseQuickAdapter_databinding_support -> BaseQuickAdapter_databinding_support
    int BaseQuickAdapter_dragging_support -> BaseQuickAdapter_dragging_support
    int BaseQuickAdapter_swiping_support -> BaseQuickAdapter_swiping_support
    int BaseQuickAdapter_viewholder_support -> BaseQuickAdapter_viewholder_support
    int CTRL -> CTRL
    int ChasingDots -> ChasingDots
    int Circle -> Circle
    int CubeGrid -> CubeGrid
    int DoubleBounce -> DoubleBounce
    int FUNCTION -> FUNCTION
    int FadingCircle -> FadingCircle
    int FixedBehind -> FixedBehind
    int FixedFront -> FixedFront
    int FoldingCube -> FoldingCube
    int META -> META
    int MatchLayout -> MatchLayout
    int MultiplePulse -> MultiplePulse
    int MultiplePulseRing -> MultiplePulseRing
    int Pulse -> Pulse
    int PulseRing -> PulseRing
    int RotatingCircle -> RotatingCircle
    int RotatingPlane -> RotatingPlane
    int SHIFT -> SHIFT
    int SYM -> SYM
    int Scale -> Scale
    int ThreeBounce -> ThreeBounce
    int Translate -> Translate
    int WanderingCubes -> WanderingCubes
    int Wave -> Wave
    int accessibility_action_clickable_span -> accessibility_action_clickable_span
    int accessibility_custom_action_0 -> accessibility_custom_action_0
    int accessibility_custom_action_1 -> accessibility_custom_action_1
    int accessibility_custom_action_10 -> accessibility_custom_action_10
...
com.tencent.mm.opensdk.modelbiz.AddCardToWXCardPackage$Req -> com.tencent.mm.opensdk.modelbiz.AddCardToWXCardPackage$Req:
    java.util.List cardArrary -> cardArrary
    void <init>() -> <init>
    int getType() -> getType
    boolean checkArgs() -> checkArgs
    void toBundle(android.os.Bundle) -> toBundle
com.tencent.mm.opensdk.modelbiz.AddCardToWXCardPackage$Resp -> com.tencent.mm.opensdk.modelbiz.AddCardToWXCardPackage$Resp:
    java.util.List cardArrary -> cardArrary
    void <init>() -> <init>
    void <init>(android.os.Bundle) -> <init>
    int getType() -> getType
    boolean checkArgs() -> checkArgs
    void toBundle(android.os.Bundle) -> toBundle
    void fromBundle(android.os.Bundle) -> fromBundle
com.tencent.mm.opensdk.modelbiz.AddCardToWXCardPackage$WXCardItem -> com.tencent.mm.opensdk.modelbiz.AddCardToWXCardPackage$WXCardItem:
    java.lang.String cardId -> cardId
    java.lang.String cardExtMsg -> cardExtMsg
    int cardState -> cardState
    void <init>() -> <init>
com.tencent.mm.opensdk.modelbiz.ChooseCardFromWXCardPackage -> com.tencent.mm.opensdk.modelbiz.ChooseCardFromWXCardPackage:
    java.lang.String TAG -> TAG
    void <init>() -> <init>
com.tencent.mm.opensdk.modelbiz.ChooseCardFromWXCardPackage$Req -> com.tencent.mm.opensdk.modelbiz.ChooseCardFromWXCardPackage$Req:
    java.lang.String appId -> appId
    java.lang.String locationId -> locationId
    java.lang.String signType -> signType
    java.lang.String cardSign -> cardSign
    java.lang.String timeStamp -> timeStamp
    java.lang.String nonceStr -> nonceStr
    java.lang.String cardId -> cardId
    java.lang.String cardType -> cardType
    java.lang.String canMultiSelect -> canMultiSelect
    void <init>() -> <init>
    int getType() -> getType
    boolean checkArgs() -> checkArgs
    void toBundle(android.os.Bundle) -> toBundle
com.tencent.mm.opensdk.modelbiz.ChooseCardFromWXCardPackage$Resp -> com.tencent.mm.opensdk.modelbiz.ChooseCardFromWXCardPackage$Resp:
    java.lang.String cardItemList -> cardItemList
    void <init>() -> <init>
    void <init>(android.os.Bundle) -> <init>
    int getType() -> getType
    boolean checkArgs() -> checkArgs
    void toBundle(android.os.Bundle) -> toBundle
    void fromBundle(android.os.Bundle) -> fromBundle
com.tencent.mm.opensdk.modelbiz.CreateChatroom -> com.tencent.mm.opensdk.modelbiz.CreateChatroom:
    void <init>() -> <init>
com.tencent.mm.opensdk.modelbiz.CreateChatroom$Req -> com.tencent.mm.opensdk.modelbiz.CreateChatroom$Req:
    java.lang.String groupId -> groupId
    java.lang.String chatroomName -> chatroomName
    java.lang.String chatroomNickName -> chatroomNickName
    java.lang.String extMsg -> extMsg
    void <init>() -> <init>
    int getType() -> getType
    boolean checkArgs() -> checkArgs
    void toBundle(android.os.Bundle) -> toBundle
com.tencent.mm.opensdk.modelbiz.CreateChatroom$Resp -> com.tencent.mm.opensdk.modelbiz.CreateChatroom$Resp:
    java.lang.String extMsg -> extMsg
    void <init>() -> <init>
    void <init>(android.os.Bundle) -> <init>
    int getType() -> getType
    void fromBundle(android.os.Bundle) -> fromBundle
    void toBundle(android.os.Bundle) -> toBundle
    boolean checkArgs() -> checkArgs
com.tencent.mm.opensdk.modelbiz.HandleScanResult -> com.tencent.mm.opensdk.modelbiz.HandleScanResult:
    void <init>() -> <init>
com.tencent.mm.opensdk.modelbiz.HandleScanResult$Req -> com.tencent.mm.opensdk.modelbiz.HandleScanResult$Req:
    int MAX_URL_LENGHT -> MAX_URL_LENGHT
    java.lang.String scanResult -> scanResult
    void <init>() -> <init>
    int getType() -> getType
    boolean checkArgs() -> checkArgs
    void toBundle(android.os.Bundle) -> toBundle